# project  configured on Wed Sep  7 23:22:48 2016 by
# waf 1.7.11 (abi 98, python 2070af0 on darwin)
# using /Users/user/Library/Application Support/Pebble SDK/SDKs/current/sdk-core/pebble/waf configure
#
----------------------------------------
Setting top to
/Users/user/workspace/pebble/helloworld
----------------------------------------
Setting out to
/Users/user/workspace/pebble/helloworld/build
----------------------------------------
Checking for program node,nodejs
/usr/local/bin/node
find program=['node', 'nodejs'] paths=['/usr/local/Cellar/pebble-toolchain/2.0/arm-cs-tools/bin', '/Users/user/.gem/ruby/2.3.1/bin', '/Users/user/.rubies/ruby-2.3.1/lib/ruby/gems/2.3.0/bin', '/Users/user/.rubies/ruby-2.3.1/bin', '/usr/local/bin', '/usr/bin', '/bin', '/usr/sbin', '/sbin', '/opt/X11/bin', '/usr/local/git/bin'] var='NODE' -> '/usr/local/bin/node'
----------------------------------------
Found Pebble SDK for diorite in:
/Users/user/Library/Application Support/Pebble SDK/SDKs/current/sdk-core/pebble/diorite
----------------------------------------
Checking for program gcc,cc
arm-none-eabi-gcc
find program=['gcc', 'cc'] paths='' var='CC' -> 'arm-none-eabi-gcc'
----------------------------------------
Checking for program ar
arm-none-eabi-ar
find program=['ar'] paths='' var='AR' -> 'arm-none-eabi-ar'
----------------------------------------
Found Pebble SDK for chalk in:
/Users/user/Library/Application Support/Pebble SDK/SDKs/current/sdk-core/pebble/chalk
----------------------------------------
Checking for program gcc,cc
arm-none-eabi-gcc
find program=['gcc', 'cc'] paths='' var='CC' -> 'arm-none-eabi-gcc'
----------------------------------------
Checking for program ar
arm-none-eabi-ar
find program=['ar'] paths='' var='AR' -> 'arm-none-eabi-ar'
----------------------------------------
Found Pebble SDK for basalt in:
/Users/user/Library/Application Support/Pebble SDK/SDKs/current/sdk-core/pebble/basalt
----------------------------------------
Checking for program gcc,cc
arm-none-eabi-gcc
find program=['gcc', 'cc'] paths='' var='CC' -> 'arm-none-eabi-gcc'
----------------------------------------
Checking for program ar
arm-none-eabi-ar
find program=['ar'] paths='' var='AR' -> 'arm-none-eabi-ar'
